Arguments: 
  C:\Program Files\nodejs\node.exe C:\Users\USER-OK\AppData\Roaming\npm\node_modules\yarn\bin\yarn.js add link-module-alias

PATH: 
  C:\Users\USER-OK\bin;C:\Program Files\Git\mingw64\bin;C:\Program Files\Git\usr\local\bin;C:\Program Files\Git\usr\bin;C:\Program Files\Git\usr\bin;C:\Program Files\Git\mingw64\bin;C:\Program Files\Git\usr\bin;C:\Users\USER-OK\bin;C:\Python310\Scripts;C:\Python310;C:\WINDOWS\system32;C:\WINDOWS;C:\WINDOWS\System32\Wbem;C:\WINDOWS\System32\WindowsPowerShell\v1.0;C:\WINDOWS\System32\OpenSSH;C:\ProgramData\chocolatey\bin;C:\Program Files\nodejs;C:\Program Files\Git\cmd;C:\Users\USER-OK\AppData\Local\Microsoft\WindowsApps;C:\Users\USER-OK\Documents\Microsoft VS Code\bin;C:\Users\USER-OK\AppData\Roaming\npm;C:\Users\USER-OK\AppData\Local\GitHubDesktop\bin;C:\ProgramData\USER-OK\GitHubDesktop\bin;C:\Program Files\Git\usr\bin\vendor_perl;C:\Program Files\Git\usr\bin\core_perl

Yarn version: 
  1.22.19

Node version: 
  16.17.0

Platform: 
  win32 x64

Trace: 
  Error: UNKNOWN: unknown error, lstat 'C:\Users\USER-OK\OneDrive - ITPLN\Dokumen\nest academy api\api-nest-academy\node_modules\yargs\build'

npm manifest: 
  {
    "dependencies": {
      "axios": "^1.2.0",
      "chai": "^4.3.7",
      "dotenv": "^16.0.3",
      "mocha": "^10.1.0",
      "mochawesome": "^7.1.3"
    },
    "name": "diosy99",
    "version": "1",
    "description": "-",
    "main": "index.js",
    "repository": "https://github.com/diosy99/api-nest-academy.git",
    "author": "DIOSY PRATAMA <diosypratama.dp@gmail.com>",
    "license": "MIT",
    "devDependencies": {
      "link-module-alias": "^1.2.0"
    },
    "scripts": {
      "postinstall": "link-module-alias",
      "preinstall": "command -v link-module-alias && link-module-alias clean || true"
    },
    "_moduleAliases" : {
      "$root": "tests",
      "$helper" :"tests/helper"
    },
    "type" : "module" 
  }

yarn manifest: 
  No manifest

Lockfile: 
  No lockfile
